# JRE version: OpenJDK Runtime Environment (11.0.9.1+1) (build 11.0.9.1+1-post-Debian-1deb10u2)
# Java VM: OpenJDK 64-Bit Server VM (11.0.9.1+1-post-Debian-1deb10u2, mixed mode, sharing, tiered, compressed oops, g1 gc, linux-amd64)
Heap:
 garbage-first heap   total 32768K, used 10092K [0x00000000fc000000, 0x0000000100000000)
  region size 1024K, 8 young (8192K), 1 survivors (1024K)
 Metaspace       used 9775K, capacity 10640K, committed 10752K, reserved 1058816K
  class space    used 1067K, capacity 1252K, committed 1280K, reserved 1048576K
GC Heap History (18 events):
Event: 0,939 GC heap before
{Heap before GC invocations=0 (full 0):
 garbage-first heap   total 32768K, used 4096K [0x00000000fc000000, 0x0000000100000000)
  region size 1024K, 3 young (3072K), 0 survivors (0K)
 Metaspace       used 1206K, capacity 5013K, committed 5120K, reserved 1056768K
  class space    used 113K, capacity 481K, committed 512K, reserved 1048576K
}
Event: 0,941 GC heap after
{Heap after GC invocations=1 (full 0):
 garbage-first heap   total 32768K, used 2048K [0x00000000fc000000, 0x0000000100000000)
  region size 1024K, 1 young (1024K), 1 survivors (1024K)
 Metaspace       used 1206K, capacity 5013K, committed 5120K, reserved 1056768K
  class space    used 113K, capacity 481K, committed 512K, reserved 1048576K
}
Event: 2,149 GC heap before
{Heap before GC invocations=1 (full 0):
 garbage-first heap   total 32768K, used 17408K [0x00000000fc000000, 0x0000000100000000)
  region size 1024K, 17 young (17408K), 1 survivors (1024K)
 Metaspace       used 7107K, capacity 8727K, committed 8960K, reserved 1056768K
  class space    used 823K, capacity 1016K, committed 1024K, reserved 1048576K
}
Event: 2,156 GC heap after
{Heap after GC invocations=2 (full 0):
 garbage-first heap   total 32768K, used 4264K [0x00000000fc000000, 0x0000000100000000)
  region size 1024K, 3 young (3072K), 3 survivors (3072K)
 Metaspace       used 7107K, capacity 8727K, committed 8960K, reserved 1056768K
  class space    used 823K, capacity 1016K, committed 1024K, reserved 1048576K
}
Event: 593,864 GC heap before
{Heap before GC invocations=2 (full 0):
 garbage-first heap   total 32768K, used 7336K [0x00000000fc000000, 0x0000000100000000)
  region size 1024K, 7 young (7168K), 3 survivors (3072K)
 Metaspace       used 7917K, capacity 9274K, committed 9600K, reserved 1058816K
  class space    used 909K, capacity 1071K, committed 1152K, reserved 1048576K
}
Event: 593,869 GC heap after
{Heap after GC invocations=3 (full 0):
 garbage-first heap   total 32768K, used 4743K [0x00000000fc000000, 0x0000000100000000)
  region size 1024K, 1 young (1024K), 1 survivors (1024K)
 Metaspace       used 7917K, capacity 9274K, committed 9600K, reserved 1058816K
  class space    used 909K, capacity 1071K, committed 1152K, reserved 1048576K
}
Event: 628,040 GC heap before
{Heap before GC invocations=3 (full 0):
 garbage-first heap   total 32768K, used 11911K [0x00000000fc000000, 0x0000000100000000)
  region size 1024K, 8 young (8192K), 1 survivors (1024K)
 Metaspace       used 8821K, capacity 9984K, committed 10240K, reserved 1058816K
  class space    used 1007K, capacity 1178K, committed 1280K, reserved 1048576K
}
Event: 628,042 GC heap after
{Heap after GC invocations=4 (full 0):
 garbage-first heap   total 32768K, used 4893K [0x00000000fc000000, 0x0000000100000000)
  region size 1024K, 1 young (1024K), 1 survivors (1024K)
 Metaspace       used 8821K, capacity 9984K, committed 10240K, reserved 1058816K
  class space    used 1007K, capacity 1178K, committed 1280K, reserved 1048576K
}
Event: 671,161 GC heap before
{Heap before GC invocations=4 (full 0):
 garbage-first heap   total 32768K, used 16157K [0x00000000fc000000, 0x0000000100000000)
  region size 1024K, 12 young (12288K), 1 survivors (1024K)
 Metaspace       used 9048K, capacity 10093K, committed 10240K, reserved 1058816K
  class space    used 1017K, capacity 1187K, committed 1280K, reserved 1048576K
}
Event: 671,162 GC heap after
{Heap after GC invocations=5 (full 0):
 garbage-first heap   total 32768K, used 4884K [0x00000000fc000000, 0x0000000100000000)
  region size 1024K, 1 young (1024K), 1 survivors (1024K)
 Metaspace       used 9048K, capacity 10093K, committed 10240K, reserved 1058816K
  class space    used 1017K, capacity 1187K, committed 1280K, reserved 1048576K
}
Event: 720,532 GC heap before
{Heap before GC invocations=5 (full 0):
 garbage-first heap   total 32768K, used 17172K [0x00000000fc000000, 0x0000000100000000)
  region size 1024K, 13 young (13312K), 1 survivors (1024K)
 Metaspace       used 9378K, capacity 10384K, committed 10496K, reserved 1058816K
  class space    used 1052K, capacity 1241K, committed 1280K, reserved 1048576K
}
Event: 720,542 GC heap after
{Heap after GC invocations=6 (full 0):
 garbage-first heap   total 32768K, used 5027K [0x00000000fc000000, 0x0000000100000000)
  region size 1024K, 1 young (1024K), 1 survivors (1024K)
 Metaspace       used 9378K, capacity 10384K, committed 10496K, reserved 1058816K
  class space    used 1052K, capacity 1241K, committed 1280K, reserved 1048576K
}
Event: 816,401 GC heap before
{Heap before GC invocations=6 (full 0):
 garbage-first heap   total 32768K, used 18339K [0x00000000fc000000, 0x0000000100000000)
  region size 1024K, 14 young (14336K), 1 survivors (1024K)
 Metaspace       used 9589K, capacity 10527K, committed 10752K, reserved 1058816K
  class space    used 1061K, capacity 1243K, committed 1280K, reserved 1048576K
}
Event: 816,402 GC heap after
{Heap after GC invocations=7 (full 0):
 garbage-first heap   total 32768K, used 5036K [0x00000000fc000000, 0x0000000100000000)
  region size 1024K, 1 young (1024K), 1 survivors (1024K)
 Metaspace       used 9589K, capacity 10527K, committed 10752K, reserved 1058816K
  class space    used 1061K, capacity 1243K, committed 1280K, reserved 1048576K
}
Event: 1461,523 GC heap before
{Heap before GC invocations=7 (full 0):
 garbage-first heap   total 32768K, used 18348K [0x00000000fc000000, 0x0000000100000000)
  region size 1024K, 14 young (14336K), 1 survivors (1024K)
 Metaspace       used 9666K, capacity 10558K, committed 10752K, reserved 1058816K
  class space    used 1063K, capacity 1248K, committed 1280K, reserved 1048576K
}
Event: 1461,525 GC heap after
{Heap after GC invocations=8 (full 0):
 garbage-first heap   total 32768K, used 4944K [0x00000000fc000000, 0x0000000100000000)
  region size 1024K, 1 young (1024K), 1 survivors (1024K)
 Metaspace       used 9666K, capacity 10558K, committed 10752K, reserved 1058816K
  class space    used 1063K, capacity 1248K, committed 1280K, reserved 1048576K
}
Event: 2094,520 GC heap before
{Heap before GC invocations=8 (full 0):
 garbage-first heap   total 32768K, used 19280K [0x00000000fc000000, 0x0000000100000000)
  region size 1024K, 15 young (15360K), 1 survivors (1024K)
 Metaspace       used 9724K, capacity 10634K, committed 10752K, reserved 1058816K
  class space    used 1067K, capacity 1251K, committed 1280K, reserved 1048576K
}
Event: 2094,523 GC heap after
{Heap after GC invocations=9 (full 0):
 garbage-first heap   total 32768K, used 4972K [0x00000000fc000000, 0x0000000100000000)
  region size 1024K, 1 young (1024K), 1 survivors (1024K)
 Metaspace       used 9724K, capacity 10634K, committed 10752K, reserved 1058816K
  class space    used 1067K, capacity 1251K, committed 1280K, reserved 1048576K
}

